Карма за день: 7
Карма за день: 10
Карма за день: 12
Карма за день: 19
Карма за день: 21
Пьянство. Пьянству бой!
Карма за день: 26
Авария! Вы попали в аварию!
Карма за день: 33
Карма за день: 34
Карма за день: 37
Карма за день: 40
Карма за день: 46
Карма за день: 49
Карма за день: 55
Карма за день: 56
Карма за день: 61
Карма за день: 62
Карма за день: 64
Карма за день: 67
Карма за день: 70
Карма за день: 74
Карма за день: 76
Карма за день: 78
Карма за день: 83
Карма за день: 87
Карма за день: 90
Карма за день: 95
Карма за день: 102
Карма за день: 107
Карма за день: 114
Карма за день: 119
Карма за день: 120
Карма за день: 125
Карма за день: 127
Карма за день: 128
Карма за день: 129
Карма за день: 135
Карма за день: 139
Карма за день: 145
Карма за день: 149
Карма за день: 152
Карма за день: 158
Карма за день: 159
Карма за день: 163
Карма за день: 166
Вы переели! Соблюдайте режим питания!
Карма за день: 168
Пьянство. Пьянству бой!
Пьянство. Пьянству бой!
Карма за день: 169
Карма за день: 174
Пьянство. Пьянству бой!
Карма за день: 176
Карма за день: 183
Карма за день: 188
Карма за день: 195
Карма за день: 199
Карма за день: 202
Карма за день: 205
Карма за день: 212
Карма за день: 215
Карма за день: 219
Карма за день: 222
Карма за день: 225
Вы переели! Соблюдайте режим питания!
Карма за день: 229
Карма за день: 235
Депрессия! Вы впали в депрессию
Карма за день: 236
Карма за день: 237
Карма за день: 242
Карма за день: 246
Карма за день: 253
Карма за день: 258
Карма за день: 265
Карма за день: 266
Карма за день: 269
Карма за день: 273
Карма за день: 279
Карма за день: 282
Карма за день: 284
Карма за день: 287
Карма за день: 290
Карма за день: 297
Карма за день: 301
Карма за день: 305
Карма за день: 310
Карма за день: 315
Карма за день: 321
Карма за день: 325
Карма за день: 330
Пьянство. Пьянству бой!
Карма за день: 333
Карма за день: 337
Карма за день: 344
Карма за день: 348
Карма за день: 355
Карма за день: 357
Карма за день: 358
Карма за день: 361
Пьянство. Пьянству бой!
Карма за день: 366
Карма за день: 371
Карма за день: 373
Карма за день: 380
Карма за день: 383
Карма за день: 386
Карма за день: 392
Гибель. Вы погибли!
Карма за день: 398
Гибель. Вы погибли!
Карма за день: 401
Карма за день: 408
Карма за день: 414
Карма за день: 415
Карма за день: 421
Карма за день: 427
Карма за день: 429
Карма за день: 435
Карма за день: 437
Карма за день: 441
Карма за день: 447
Карма за день: 453
Карма за день: 455
Карма за день: 461
Авария! Вы попали в аварию!
Карма за день: 467
Карма за день: 473
Карма за день: 477
Карма за день: 478
Авария! Вы попали в аварию!
Карма за день: 479
Карма за день: 482
Карма за день: 486
Карма за день: 487
Вы переели! Соблюдайте режим питания!
Карма за день: 493
Карма за день: 499
Карма за день: 503
Вы достигли Кармы!
